0 info it worked if it ends with ok
1 verbose cli [
1 verbose cli   '/usr/local/Cellar/node/13.8.0/bin/node',
1 verbose cli   '/usr/local/bin/npm',
1 verbose cli   'i',
1 verbose cli   'lwip@0.0.9'
1 verbose cli ]
2 info using npm@6.13.7
3 info using node@v13.8.0
4 verbose npm-session 1a83ce62a6a134f5
5 silly install loadCurrentTree
6 silly install readLocalPackageData
7 http fetch GET 304 https://registry.npmjs.org/lwip 940ms (from cache)
8 silly pacote version manifest for lwip@0.0.9 fetched in 954ms
9 timing stage:loadCurrentTree Completed in 992ms
10 silly install loadIdealTree
11 silly install cloneCurrentTreeToIdealTree
12 timing stage:loadIdealTree:cloneCurrentTree Completed in 0ms
13 silly install loadShrinkwrap
14 timing stage:loadIdealTree:loadShrinkwrap Completed in 1ms
15 silly install loadAllDepsIntoIdealTree
16 silly resolveWithNewModule lwip@0.0.9 checking installable status
17 http fetch GET 304 https://registry.npmjs.org/async 54ms (from cache)
18 silly pacote range manifest for async@^2.0.0-rc.5 fetched in 60ms
19 silly resolveWithNewModule async@2.6.3 checking installable status
20 http fetch GET 304 https://registry.npmjs.org/nan 119ms (from cache)
21 silly pacote range manifest for nan@^2.3.2 fetched in 121ms
22 silly resolveWithNewModule nan@2.14.0 checking installable status
23 http fetch GET 304 https://registry.npmjs.org/bindings 140ms (from cache)
24 silly pacote range manifest for bindings@^1.2.1 fetched in 142ms
25 silly resolveWithNewModule bindings@1.5.0 checking installable status
26 http fetch GET 304 https://registry.npmjs.org/decree 857ms (from cache)
27 silly pacote version manifest for decree@0.0.6 fetched in 860ms
28 silly resolveWithNewModule decree@0.0.6 checking installable status
29 http fetch GET 304 https://registry.npmjs.org/lodash 46ms (from cache)
30 silly pacote range manifest for lodash@^4.17.14 fetched in 48ms
31 silly resolveWithNewModule lodash@4.17.15 checking installable status
32 http fetch GET 304 https://registry.npmjs.org/file-uri-to-path 37ms (from cache)
33 silly pacote version manifest for file-uri-to-path@1.0.0 fetched in 38ms
34 silly resolveWithNewModule file-uri-to-path@1.0.0 checking installable status
35 http fetch GET 304 https://registry.npmjs.org/lodash-node 839ms (from cache)
36 silly pacote range manifest for lodash-node@^2.4.1 fetched in 841ms
37 warn deprecated lodash-node@2.4.1: This package is discontinued. Use lodash@^4.0.0.
38 silly resolveWithNewModule lodash-node@2.4.1 checking installable status
39 timing stage:loadIdealTree:loadAllDepsIntoIdealTree Completed in 1802ms
40 timing stage:loadIdealTree Completed in 1807ms
41 silly currentTree lwip2@1.0.14
42 silly idealTree lwip2@1.0.14
42 silly idealTree ├── async@2.6.3
42 silly idealTree ├── bindings@1.5.0
42 silly idealTree ├── decree@0.0.6
42 silly idealTree ├── file-uri-to-path@1.0.0
42 silly idealTree ├── lodash-node@2.4.1
42 silly idealTree ├── lodash@4.17.15
42 silly idealTree ├── lwip@0.0.9
42 silly idealTree └── nan@2.14.0
43 silly install generateActionsToTake
44 timing stage:generateActionsToTake Completed in 6ms
45 silly diffTrees action count 8
46 silly diffTrees add file-uri-to-path@1.0.0
47 silly diffTrees add lodash@4.17.15
48 silly diffTrees add lodash-node@2.4.1
49 silly diffTrees add async@2.6.3
50 silly diffTrees add bindings@1.5.0
51 silly diffTrees add decree@0.0.6
52 silly diffTrees add nan@2.14.0
53 silly diffTrees add lwip@0.0.9
54 silly decomposeActions action count 64
55 silly decomposeActions fetch file-uri-to-path@1.0.0
56 silly decomposeActions extract file-uri-to-path@1.0.0
57 silly decomposeActions preinstall file-uri-to-path@1.0.0
58 silly decomposeActions build file-uri-to-path@1.0.0
59 silly decomposeActions install file-uri-to-path@1.0.0
60 silly decomposeActions postinstall file-uri-to-path@1.0.0
61 silly decomposeActions finalize file-uri-to-path@1.0.0
62 silly decomposeActions refresh-package-json file-uri-to-path@1.0.0
63 silly decomposeActions fetch lodash@4.17.15
64 silly decomposeActions extract lodash@4.17.15
65 silly decomposeActions preinstall lodash@4.17.15
66 silly decomposeActions build lodash@4.17.15
67 silly decomposeActions install lodash@4.17.15
68 silly decomposeActions postinstall lodash@4.17.15
69 silly decomposeActions finalize lodash@4.17.15
70 silly decomposeActions refresh-package-json lodash@4.17.15
71 silly decomposeActions fetch lodash-node@2.4.1
72 silly decomposeActions extract lodash-node@2.4.1
73 silly decomposeActions preinstall lodash-node@2.4.1
74 silly decomposeActions build lodash-node@2.4.1
75 silly decomposeActions install lodash-node@2.4.1
76 silly decomposeActions postinstall lodash-node@2.4.1
77 silly decomposeActions finalize lodash-node@2.4.1
78 silly decomposeActions refresh-package-json lodash-node@2.4.1
79 silly decomposeActions fetch async@2.6.3
80 silly decomposeActions extract async@2.6.3
81 silly decomposeActions preinstall async@2.6.3
82 silly decomposeActions build async@2.6.3
83 silly decomposeActions install async@2.6.3
84 silly decomposeActions postinstall async@2.6.3
85 silly decomposeActions finalize async@2.6.3
86 silly decomposeActions refresh-package-json async@2.6.3
87 silly decomposeActions fetch bindings@1.5.0
88 silly decomposeActions extract bindings@1.5.0
89 silly decomposeActions preinstall bindings@1.5.0
90 silly decomposeActions build bindings@1.5.0
91 silly decomposeActions install bindings@1.5.0
92 silly decomposeActions postinstall bindings@1.5.0
93 silly decomposeActions finalize bindings@1.5.0
94 silly decomposeActions refresh-package-json bindings@1.5.0
95 silly decomposeActions fetch decree@0.0.6
96 silly decomposeActions extract decree@0.0.6
97 silly decomposeActions preinstall decree@0.0.6
98 silly decomposeActions build decree@0.0.6
99 silly decomposeActions install decree@0.0.6
100 silly decomposeActions postinstall decree@0.0.6
101 silly decomposeActions finalize decree@0.0.6
102 silly decomposeActions refresh-package-json decree@0.0.6
103 silly decomposeActions fetch nan@2.14.0
104 silly decomposeActions extract nan@2.14.0
105 silly decomposeActions preinstall nan@2.14.0
106 silly decomposeActions build nan@2.14.0
107 silly decomposeActions install nan@2.14.0
108 silly decomposeActions postinstall nan@2.14.0
109 silly decomposeActions finalize nan@2.14.0
110 silly decomposeActions refresh-package-json nan@2.14.0
111 silly decomposeActions fetch lwip@0.0.9
112 silly decomposeActions extract lwip@0.0.9
113 silly decomposeActions preinstall lwip@0.0.9
114 silly decomposeActions build lwip@0.0.9
115 silly decomposeActions install lwip@0.0.9
116 silly decomposeActions postinstall lwip@0.0.9
117 silly decomposeActions finalize lwip@0.0.9
118 silly decomposeActions refresh-package-json lwip@0.0.9
119 silly install executeActions
120 silly doSerial global-install 64
121 verbose correctMkdir /Users/jaczac/.npm/_locks correctMkdir not in flight; initializing
122 verbose lock using /Users/jaczac/.npm/_locks/staging-e03ea9c3b88e63fd.lock for /Users/jaczac/node_modules/lwip2/node_modules/.staging
123 silly doParallel extract 8
124 silly extract file-uri-to-path@1.0.0
125 silly extract lodash@4.17.15
126 silly extract lodash-node@2.4.1
127 silly extract async@2.6.3
128 silly extract bindings@1.5.0
129 silly extract decree@0.0.6
130 silly extract nan@2.14.0
131 silly extract lwip@0.0.9
132 silly tarball trying file-uri-to-path@1.0.0 by hash: sha512-0Zt+s3L7Vf1biwWZ29aARiVYLx7iMGnEUl9x33fbB/j3jR81u/O2LbqK+Bm1CDSNDKVtJ/YjwY7TUd5SkeLQLw==
133 silly tarball trying lodash@^4.17.14 by hash: sha512-8xOcRHvCjnocdS5cpwXQXVzmmh5e5+saE2QGoeQmbKmRS6J3VQppPOIt0MnmE+4xlZoumy0GPG0D0MVIQbNA1A==
134 silly tarball trying lodash-node@^2.4.1 by hash: sha1-6oL3sQDHM9GkKvdoAeUGEF4qgOw=
135 silly tarball trying bindings@^1.2.1 by hash: sha512-p2q/t/mhvuOj/UeLlV6566GD/guowlr0hHxClI0W9m7MWYkL1F0hLo+0Aexs9HSPCtR1SXQ0TD3MMKrXZajbiQ==
136 silly tarball trying async@^2.0.0-rc.5 by hash: sha512-zflvls11DCy+dQWzTW2dzuilv8Z5X/pjfmZOWba6TNIVDm+2UDaJmXSOXlasHKfNBs8oo3M0aT50fDEWfKZjXg==
137 silly tarball trying decree@0.0.6 by hash: sha1-R+/vDtYA1ybqhkA0XcSWHQ+lTN0=
138 silly tarball trying lwip@0.0.9 by hash: sha1-KLQWmDXSfKKTJedf0biDrje1D8w=
139 silly tarball trying nan@^2.3.2 by hash: sha512-INOFj37C7k3AfaNTtX8RhsTw7qRy7eLET14cROi9+5HAVbbHuIWUHEauBv5qT4Av2tWasiTY1Jw6puUNqRJXQg==
140 silly extract bindings@^1.2.1 extracted to /Users/jaczac/node_modules/lwip2/node_modules/.staging/bindings-7106e684 (118ms)
141 silly extract file-uri-to-path@1.0.0 extracted to /Users/jaczac/node_modules/lwip2/node_modules/.staging/file-uri-to-path-20821990 (126ms)
142 silly extract decree@0.0.6 extracted to /Users/jaczac/node_modules/lwip2/node_modules/.staging/decree-f817f10d (146ms)
143 silly extract nan@^2.3.2 extracted to /Users/jaczac/node_modules/lwip2/node_modules/.staging/nan-869c6777 (198ms)
144 silly extract async@^2.0.0-rc.5 extracted to /Users/jaczac/node_modules/lwip2/node_modules/.staging/async-e6d323f0 (270ms)
145 silly extract lodash-node@^2.4.1 extracted to /Users/jaczac/node_modules/lwip2/node_modules/.staging/lodash-node-9d48b412 (554ms)
146 silly extract lwip@0.0.9 extracted to /Users/jaczac/node_modules/lwip2/node_modules/.staging/lwip-6655dbab (756ms)
147 silly extract lodash@^4.17.14 extracted to /Users/jaczac/node_modules/lwip2/node_modules/.staging/lodash-0201fb8f (817ms)
148 timing action:extract Completed in 821ms
149 silly doReverseSerial unbuild 64
150 silly doSerial remove 64
151 silly doSerial move 64
152 silly doSerial finalize 64
153 silly finalize /Users/jaczac/node_modules/lwip2/node_modules/file-uri-to-path
154 silly finalize /Users/jaczac/node_modules/lwip2/node_modules/lodash
155 silly finalize /Users/jaczac/node_modules/lwip2/node_modules/lodash-node
156 silly finalize /Users/jaczac/node_modules/lwip2/node_modules/async
157 silly finalize /Users/jaczac/node_modules/lwip2/node_modules/bindings
158 silly finalize /Users/jaczac/node_modules/lwip2/node_modules/decree
159 silly finalize /Users/jaczac/node_modules/lwip2/node_modules/nan
160 silly finalize /Users/jaczac/node_modules/lwip2/node_modules/lwip
161 timing action:finalize Completed in 15ms
162 silly doParallel refresh-package-json 8
163 silly refresh-package-json /Users/jaczac/node_modules/lwip2/node_modules/file-uri-to-path
164 silly refresh-package-json /Users/jaczac/node_modules/lwip2/node_modules/lodash
165 silly refresh-package-json /Users/jaczac/node_modules/lwip2/node_modules/lodash-node
166 silly refresh-package-json /Users/jaczac/node_modules/lwip2/node_modules/async
167 silly refresh-package-json /Users/jaczac/node_modules/lwip2/node_modules/bindings
168 silly refresh-package-json /Users/jaczac/node_modules/lwip2/node_modules/decree
169 silly refresh-package-json /Users/jaczac/node_modules/lwip2/node_modules/nan
170 silly refresh-package-json /Users/jaczac/node_modules/lwip2/node_modules/lwip
171 timing audit submit Completed in 875ms
172 http fetch POST 200 https://registry.npmjs.org/-/npm/v1/security/audits/quick 875ms
173 timing audit body Completed in 0ms
174 timing action:refresh-package-json Completed in 34ms
175 silly doParallel preinstall 8
176 silly preinstall file-uri-to-path@1.0.0
177 info lifecycle file-uri-to-path@1.0.0~preinstall: file-uri-to-path@1.0.0
178 silly preinstall lodash@4.17.15
179 info lifecycle lodash@4.17.15~preinstall: lodash@4.17.15
180 silly preinstall lodash-node@2.4.1
181 info lifecycle lodash-node@2.4.1~preinstall: lodash-node@2.4.1
182 silly preinstall async@2.6.3
183 info lifecycle async@2.6.3~preinstall: async@2.6.3
184 silly preinstall bindings@1.5.0
185 info lifecycle bindings@1.5.0~preinstall: bindings@1.5.0
186 silly preinstall decree@0.0.6
187 info lifecycle decree@0.0.6~preinstall: decree@0.0.6
188 silly preinstall nan@2.14.0
189 info lifecycle nan@2.14.0~preinstall: nan@2.14.0
190 silly preinstall lwip@0.0.9
191 info lifecycle lwip@0.0.9~preinstall: lwip@0.0.9
192 timing action:preinstall Completed in 1ms
193 silly doSerial build 64
194 silly build file-uri-to-path@1.0.0
195 info linkStuff file-uri-to-path@1.0.0
196 silly linkStuff file-uri-to-path@1.0.0 has /Users/jaczac/node_modules/lwip2/node_modules as its parent node_modules
197 silly build lodash@4.17.15
198 info linkStuff lodash@4.17.15
199 silly linkStuff lodash@4.17.15 has /Users/jaczac/node_modules/lwip2/node_modules as its parent node_modules
200 silly build lodash-node@2.4.1
201 info linkStuff lodash-node@2.4.1
202 silly linkStuff lodash-node@2.4.1 has /Users/jaczac/node_modules/lwip2/node_modules as its parent node_modules
203 silly build async@2.6.3
204 info linkStuff async@2.6.3
205 silly linkStuff async@2.6.3 has /Users/jaczac/node_modules/lwip2/node_modules as its parent node_modules
206 silly build bindings@1.5.0
207 info linkStuff bindings@1.5.0
208 silly linkStuff bindings@1.5.0 has /Users/jaczac/node_modules/lwip2/node_modules as its parent node_modules
209 silly build decree@0.0.6
210 info linkStuff decree@0.0.6
211 silly linkStuff decree@0.0.6 has /Users/jaczac/node_modules/lwip2/node_modules as its parent node_modules
212 silly build nan@2.14.0
213 info linkStuff nan@2.14.0
214 silly linkStuff nan@2.14.0 has /Users/jaczac/node_modules/lwip2/node_modules as its parent node_modules
215 silly build lwip@0.0.9
216 info linkStuff lwip@0.0.9
217 silly linkStuff lwip@0.0.9 has /Users/jaczac/node_modules/lwip2/node_modules as its parent node_modules
218 timing action:build Completed in 2ms
219 silly doSerial global-link 64
220 silly doParallel update-linked 0
221 silly doSerial install 64
222 silly install file-uri-to-path@1.0.0
223 info lifecycle file-uri-to-path@1.0.0~install: file-uri-to-path@1.0.0
224 silly install lodash@4.17.15
225 info lifecycle lodash@4.17.15~install: lodash@4.17.15
226 silly install lodash-node@2.4.1
227 info lifecycle lodash-node@2.4.1~install: lodash-node@2.4.1
228 silly install async@2.6.3
229 info lifecycle async@2.6.3~install: async@2.6.3
230 silly install bindings@1.5.0
231 info lifecycle bindings@1.5.0~install: bindings@1.5.0
232 silly install decree@0.0.6
233 info lifecycle decree@0.0.6~install: decree@0.0.6
234 silly install nan@2.14.0
235 info lifecycle nan@2.14.0~install: nan@2.14.0
236 silly install lwip@0.0.9
237 info lifecycle lwip@0.0.9~install: lwip@0.0.9
238 verbose lifecycle lwip@0.0.9~install: unsafe-perm in lifecycle true
239 verbose lifecycle lwip@0.0.9~install: PATH: /usr/local/lib/node_modules/npm/node_modules/npm-lifecycle/node-gyp-bin:/Users/jaczac/node_modules/lwip2/node_modules/lwip/node_modules/.bin:/Users/jaczac/node_modules/lwip2/node_modules/.bin:/Users/jaczac/node_modules/.bin:/usr/local/lib/node_modules/npm/node_modules/npm-lifecycle/node-gyp-bin:/Users/jaczac/node_modules/lwip2/node_modules/.bin:/Users/jaczac/node_modules/.bin:/usr/local/bin:/usr/bin:/bin:/usr/sbin:/sbin
240 verbose lifecycle lwip@0.0.9~install: CWD: /Users/jaczac/node_modules/lwip2/node_modules/lwip
241 silly lifecycle lwip@0.0.9~install: Args: [ '-c', 'node-gyp rebuild' ]
242 silly lifecycle lwip@0.0.9~install: Returned: code: 1  signal: null
243 info lifecycle lwip@0.0.9~install: Failed to exec install script
244 timing action:install Completed in 3092ms
245 verbose unlock done using /Users/jaczac/.npm/_locks/staging-e03ea9c3b88e63fd.lock for /Users/jaczac/node_modules/lwip2/node_modules/.staging
246 timing stage:rollbackFailedOptional Completed in 324ms
247 timing stage:runTopLevelLifecycles Completed in 7114ms
248 silly saveTree lwip2@1.0.14
248 silly saveTree └─┬ lwip@0.0.9
248 silly saveTree   ├─┬ async@2.6.3
248 silly saveTree   │ └── lodash@4.17.15
248 silly saveTree   ├─┬ bindings@1.5.0
248 silly saveTree   │ └── file-uri-to-path@1.0.0
248 silly saveTree   ├─┬ decree@0.0.6
248 silly saveTree   │ └── lodash-node@2.4.1
248 silly saveTree   └── nan@2.14.0
249 verbose stack Error: lwip@0.0.9 install: `node-gyp rebuild`
249 verbose stack Exit status 1
249 verbose stack     at EventEmitter.<anonymous> (/usr/local/lib/node_modules/npm/node_modules/npm-lifecycle/index.js:332:16)
249 verbose stack     at EventEmitter.emit (events.js:321:20)
249 verbose stack     at ChildProcess.<anonymous> (/usr/local/lib/node_modules/npm/node_modules/npm-lifecycle/lib/spawn.js:55:14)
249 verbose stack     at ChildProcess.emit (events.js:321:20)
249 verbose stack     at maybeClose (internal/child_process.js:1026:16)
249 verbose stack     at Process.ChildProcess._handle.onexit (internal/child_process.js:286:5)
250 verbose pkgid lwip@0.0.9
251 verbose cwd /Users/jaczac/node_modules/lwip2
252 verbose Darwin 19.3.0
253 verbose argv "/usr/local/Cellar/node/13.8.0/bin/node" "/usr/local/bin/npm" "i" "lwip@0.0.9"
254 verbose node v13.8.0
255 verbose npm  v6.13.7
256 error code ELIFECYCLE
257 error errno 1
258 error lwip@0.0.9 install: `node-gyp rebuild`
258 error Exit status 1
259 error Failed at the lwip@0.0.9 install script.
259 error This is probably not a problem with npm. There is likely additional logging output above.
260 verbose exit [ 1, true ]
